TN:
SF:src/modules/accounts/useCases/CreateUser/CreateUserController.ts
FN:6,CreateUserController
FN:7,Object.<anonymous>.CreateUserController.handle
FNF:2
FNH:2
FNDA:1,CreateUserController
FNDA:1,Object.<anonymous>.CreateUserController.handle
DA:1,1
DA:2,1
DA:3,1
DA:4,1
DA:5,1
DA:6,1
DA:7,1
DA:8,1
DA:9,1
DA:10,1
DA:11,1
DA:12,1
DA:13,1
DA:14,1
DA:15,1
DA:16,1
DA:17,1
DA:18,1
DA:19,1
DA:20,1
DA:21,1
DA:22,1
LF:22
LH:22
BRDA:6,0,0,1
BRDA:6,1,0,1
BRDA:7,2,0,1
BRF:3
BRH:3
end_of_record
TN:
SF:src/modules/accounts/useCases/CreateUser/CreateUserUseCase.ts
FN:10,CreateUserUseCase
FN:15,Object.<anonymous>.CreateUserUseCase.execute
FNF:2
FNH:2
FNDA:1,CreateUserUseCase
FNDA:1,Object.<anonymous>.CreateUserUseCase.execute
DA:1,1
DA:2,1
DA:3,1
DA:4,1
DA:5,1
DA:6,1
DA:7,1
DA:8,1
DA:9,1
DA:10,1
DA:11,1
DA:12,1
DA:13,1
DA:14,1
DA:15,1
DA:16,1
DA:17,1
DA:18,1
DA:19,1
DA:20,0
DA:21,0
DA:22,1
DA:23,1
DA:24,1
DA:25,1
DA:26,1
DA:27,1
DA:28,1
DA:29,1
DA:30,1
DA:31,1
LF:31
LH:29
BRDA:9,0,0,1
BRDA:10,1,0,1
BRDA:15,2,0,1
BRDA:18,3,0,1
BRDA:19,4,0,0
BRF:5
BRH:4
end_of_record
TN:
SF:src/modules/accounts/useCases/authenticateUser/AuthenticateUserController.ts
FN:6,AuthenticateUserController
FN:7,Object.<anonymous>.AuthenticateUserController.handle
FNF:2
FNH:2
FNDA:1,AuthenticateUserController
FNDA:1,Object.<anonymous>.AuthenticateUserController.handle
DA:1,1
DA:2,1
DA:3,1
DA:4,1
DA:5,1
DA:6,1
DA:7,1
DA:8,1
DA:9,1
DA:10,1
DA:11,1
DA:12,1
DA:13,1
DA:14,1
DA:15,1
LF:15
LH:15
BRDA:6,0,0,1
BRDA:6,1,0,1
BRDA:7,2,0,1
BRF:3
BRH:3
end_of_record
TN:
SF:src/modules/accounts/useCases/authenticateUser/AuthenticateUserUseCase.ts
FN:26,AuthenticateUserUseCase
FN:35,Object.<anonymous>.AuthenticateUserUseCase.execute
FNF:2
FNH:2
FNDA:1,AuthenticateUserUseCase
FNDA:1,Object.<anonymous>.AuthenticateUserUseCase.execute
DA:1,1
DA:2,1
DA:3,1
DA:4,1
DA:5,1
DA:6,1
DA:7,1
DA:8,1
DA:9,1
DA:10,1
DA:11,1
DA:12,1
DA:13,1
DA:14,1
DA:15,1
DA:16,1
DA:17,1
DA:18,1
DA:19,1
DA:20,1
DA:21,1
DA:22,1
DA:23,1
DA:24,1
DA:25,1
DA:26,1
DA:27,1
DA:28,1
DA:29,1
DA:30,1
DA:31,1
DA:32,1
DA:33,1
DA:34,1
DA:35,1
DA:36,1
DA:37,1
DA:38,1
DA:39,1
DA:40,1
DA:41,1
DA:42,1
DA:43,1
DA:44,1
DA:45,1
DA:46,0
DA:47,0
DA:48,1
DA:49,1
DA:50,1
DA:51,0
DA:52,0
DA:53,1
DA:54,1
DA:55,1
DA:56,1
DA:57,1
DA:58,1
DA:59,1
DA:60,1
DA:61,1
DA:62,1
DA:63,1
DA:64,1
DA:65,1
DA:66,1
DA:67,1
DA:68,1
DA:69,1
DA:70,1
DA:71,1
DA:72,1
DA:73,1
DA:74,1
DA:75,1
DA:76,1
DA:77,1
DA:78,1
DA:79,1
DA:80,1
DA:81,1
LF:81
LH:77
BRDA:25,0,0,1
BRDA:26,1,0,1
BRDA:35,2,0,1
BRDA:45,3,0,0
BRDA:50,4,0,0
BRF:5
BRH:3
end_of_record
TN:
SF:src/modules/accounts/useCases/refreshToken/RefreshTokenController.ts
FN:6,RefreshTokenController
FN:7,Object.<anonymous>.RefreshTokenController.handle
FNF:2
FNH:2
FNDA:1,RefreshTokenController
FNDA:1,Object.<anonymous>.RefreshTokenController.handle
DA:1,1
DA:2,1
DA:3,1
DA:4,1
DA:5,1
DA:6,1
DA:7,1
DA:8,1
DA:9,1
DA:10,1
DA:11,1
DA:12,1
DA:13,1
DA:14,1
DA:15,1
DA:16,1
DA:17,1
DA:18,1
LF:18
LH:18
BRDA:6,0,0,1
BRDA:6,1,0,1
BRDA:7,2,0,1
BRDA:9,3,0,0
BRDA:10,4,0,0
BRF:5
BRH:3
end_of_record
TN:
SF:src/modules/accounts/useCases/refreshToken/RefreshTokenUseCase.ts
FN:20,RefreshTokenUseCase
FN:27,Object.<anonymous>.RefreshTokenUseCase.execute
FNF:2
FNH:2
FNDA:1,RefreshTokenUseCase
FNDA:1,Object.<anonymous>.RefreshTokenUseCase.execute
DA:1,1
DA:2,1
DA:3,1
DA:4,1
DA:5,1
DA:6,1
DA:7,1
DA:8,1
DA:9,1
DA:10,1
DA:11,1
DA:12,1
DA:13,1
DA:14,1
DA:15,1
DA:16,1
DA:17,1
DA:18,1
DA:19,1
DA:20,1
DA:21,1
DA:22,1
DA:23,1
DA:24,1
DA:25,1
DA:26,1
DA:27,1
DA:28,1
DA:29,1
DA:30,1
DA:31,1
DA:32,1
DA:33,1
DA:34,1
DA:35,1
DA:36,1
DA:37,1
DA:38,1
DA:39,0
DA:40,0
DA:41,1
DA:42,1
DA:43,1
DA:44,1
DA:45,1
DA:46,1
DA:47,1
DA:48,1
DA:49,1
DA:50,1
DA:51,1
DA:52,1
DA:53,1
DA:54,1
DA:55,1
DA:56,1
DA:57,1
DA:58,1
DA:59,1
DA:60,1
DA:61,1
DA:62,1
DA:63,1
DA:64,1
DA:65,1
DA:66,1
LF:66
LH:64
BRDA:19,0,0,1
BRDA:20,1,0,1
BRDA:27,2,0,1
BRDA:38,3,0,0
BRF:4
BRH:3
end_of_record
TN:
SF:src/modules/accounts/useCases/resetPasswordUser/ResetPasswordUserController.ts
FN:6,ResetPasswordUserController
FN:7,Object.<anonymous>.ResetPasswordUserController.handle
FNF:2
FNH:1
FNDA:1,ResetPasswordUserController
FNDA:0,Object.<anonymous>.ResetPasswordUserController.handle
DA:1,1
DA:2,1
DA:3,1
DA:4,1
DA:5,1
DA:6,1
DA:7,1
DA:8,0
DA:9,0
DA:10,0
DA:11,0
DA:12,0
DA:13,0
DA:14,0
DA:15,0
DA:16,1
DA:17,1
DA:18,1
LF:18
LH:10
BRDA:6,0,0,1
BRDA:6,1,0,1
BRF:2
BRH:2
end_of_record
TN:
SF:src/modules/accounts/useCases/resetPasswordUser/ResetPasswordUserUseCase.ts
FN:16,ResetPasswordUserUseCase
FN:25,Object.<anonymous>.ResetPasswordUserUseCase.execute
FNF:2
FNH:0
FNDA:0,ResetPasswordUserUseCase
FNDA:0,Object.<anonymous>.ResetPasswordUserUseCase.execute
DA:1,1
DA:2,1
DA:3,1
DA:4,1
DA:5,1
DA:6,1
DA:7,1
DA:8,1
DA:9,1
DA:10,1
DA:11,1
DA:12,1
DA:13,1
DA:14,1
DA:15,1
DA:16,1
DA:17,0
DA:18,0
DA:19,0
DA:20,0
DA:21,0
DA:22,0
DA:23,0
DA:24,1
DA:25,1
DA:26,0
DA:27,0
DA:28,0
DA:29,0
DA:30,0
DA:31,0
DA:32,0
DA:33,0
DA:34,0
DA:35,0
DA:36,0
DA:37,0
DA:38,0
DA:39,0
DA:40,0
DA:41,0
DA:42,0
DA:43,0
DA:44,0
DA:45,0
DA:46,1
DA:47,1
LF:47
LH:20
BRDA:15,0,0,1
BRF:1
BRH:1
end_of_record
TN:
SF:src/modules/accounts/useCases/sendForgotPasswordMail/SendForgotPasswordMailController.ts
FN:6,SendForgotPasswordMailController
FN:7,Object.<anonymous>.SendForgotPasswordMailController.handle
FNF:2
FNH:1
FNDA:1,SendForgotPasswordMailController
FNDA:0,Object.<anonymous>.SendForgotPasswordMailController.handle
DA:1,1
DA:2,1
DA:3,1
DA:4,1
DA:5,1
DA:6,1
DA:7,1
DA:8,0
DA:9,0
DA:10,0
DA:11,0
DA:12,0
DA:13,0
DA:14,0
DA:15,1
DA:16,1
DA:17,1
LF:17
LH:10
BRDA:6,0,0,1
BRDA:6,1,0,1
BRF:2
BRH:2
end_of_record
TN:
SF:src/modules/accounts/useCases/sendForgotPasswordMail/SendForgotPasswordMailUseCase.ts
FN:13,SendForgotPasswordMailUseCase
FN:24,Object.<anonymous>.SendForgotPasswordMailUseCase.execute
FNF:2
FNH:2
FNDA:3,SendForgotPasswordMailUseCase
FNDA:3,Object.<anonymous>.SendForgotPasswordMailUseCase.execute
DA:1,1
DA:2,1
DA:3,1
DA:4,1
DA:5,1
DA:6,1
DA:7,1
DA:8,1
DA:9,1
DA:10,1
DA:11,1
DA:12,1
DA:13,1
DA:14,3
DA:15,3
DA:16,3
DA:17,3
DA:18,3
DA:19,3
DA:20,3
DA:21,3
DA:22,3
DA:23,1
DA:24,1
DA:25,3
DA:26,3
DA:27,1
DA:28,1
DA:29,2
DA:30,2
DA:31,2
DA:32,2
DA:33,2
DA:34,2
DA:35,2
DA:36,2
DA:37,2
DA:38,2
DA:39,2
DA:40,2
DA:41,3
DA:42,3
DA:43,3
DA:44,3
DA:45,3
DA:46,3
DA:47,3
DA:48,3
DA:49,3
DA:50,1
DA:51,1
LF:51
LH:51
BRDA:12,0,0,1
BRDA:13,1,0,3
BRDA:24,2,0,3
BRDA:25,3,0,3
BRDA:26,4,0,1
BRDA:29,5,0,2
BRF:6
BRH:6
end_of_record
TN:
SF:src/modules/accounts/useCases/updateUserAvatar/UpdateUserAvatarController.ts
FN:6,UpdateUserAvatarController
FN:7,Object.<anonymous>.UpdateUserAvatarController.handle
FNF:2
FNH:1
FNDA:1,UpdateUserAvatarController
FNDA:0,Object.<anonymous>.UpdateUserAvatarController.handle
DA:1,1
DA:2,1
DA:3,1
DA:4,1
DA:5,1
DA:6,1
DA:7,1
DA:8,0
DA:9,0
DA:10,0
DA:11,0
DA:12,0
DA:13,0
DA:14,0
DA:15,0
DA:16,1
LF:16
LH:8
BRDA:6,0,0,1
BRDA:6,1,0,1
BRF:2
BRH:2
end_of_record
TN:
SF:src/modules/accounts/useCases/updateUserAvatar/UpdateUserAvatarUseCase.ts
FN:13,UpdateUserAvatarUseCase
FN:17,Object.<anonymous>.UpdateUserAvatarUseCase.execute
FNF:2
FNH:0
FNDA:0,UpdateUserAvatarUseCase
FNDA:0,Object.<anonymous>.UpdateUserAvatarUseCase.execute
DA:1,1
DA:2,1
DA:3,1
DA:4,1
DA:5,1
DA:6,1
DA:7,1
DA:8,1
DA:9,1
DA:10,1
DA:11,1
DA:12,1
DA:13,1
DA:14,0
DA:15,0
DA:16,0
DA:17,1
DA:18,0
DA:19,0
DA:20,0
DA:21,0
DA:22,0
DA:23,0
DA:24,0
DA:25,0
DA:26,1
LF:26
LH:15
BRDA:12,0,0,1
BRF:1
BRH:1
end_of_record
TN:
SF:src/modules/cars/useCases/createCarSpecification/CreateCarSpecificationController.ts
FN:6,CreateCarSpecificationController
FN:7,Object.<anonymous>.CreateCarSpecificationController.handle
FNF:2
FNH:1
FNDA:1,CreateCarSpecificationController
FNDA:0,Object.<anonymous>.CreateCarSpecificationController.handle
DA:1,1
DA:2,1
DA:3,1
DA:4,1
DA:5,1
DA:6,1
DA:7,1
DA:8,0
DA:9,0
DA:10,0
DA:11,0
DA:12,0
DA:13,0
DA:14,0
DA:15,0
DA:16,1
DA:17,1
LF:17
LH:9
BRDA:6,0,0,1
BRDA:6,1,0,1
BRF:2
BRH:2
end_of_record
TN:
SF:src/modules/cars/useCases/createCarSpecification/CreateCarSpecificationUseCase.ts
FN:15,CreateCarSpecificationUseCase
FN:22,Object.<anonymous>.CreateCarSpecificationUseCase.execute
FNF:2
FNH:2
FNDA:2,CreateCarSpecificationUseCase
FNDA:2,Object.<anonymous>.CreateCarSpecificationUseCase.execute
DA:1,1
DA:2,1
DA:3,1
DA:4,1
DA:5,1
DA:6,1
DA:7,1
DA:8,1
DA:9,1
DA:10,1
DA:11,1
DA:12,1
DA:13,1
DA:14,1
DA:15,1
DA:16,2
DA:17,2
DA:18,2
DA:19,2
DA:20,2
DA:21,1
DA:22,1
DA:23,2
DA:24,2
DA:25,1
DA:26,1
DA:27,1
DA:28,2
DA:29,2
DA:30,2
DA:31,2
DA:32,2
DA:33,2
DA:34,1
DA:35,1
LF:35
LH:35
BRDA:14,0,0,1
BRDA:15,1,0,2
BRDA:22,2,0,2
BRDA:23,3,0,2
BRDA:24,4,0,1
BRF:5
BRH:5
end_of_record
TN:
SF:src/modules/cars/useCases/createCars/CreateCarsController.ts
FN:6,CreateCarsController
FN:7,Object.<anonymous>.CreateCarsController.handle
FNF:2
FNH:1
FNDA:1,CreateCarsController
FNDA:0,Object.<anonymous>.CreateCarsController.handle
DA:1,1
DA:2,1
DA:3,1
DA:4,1
DA:5,1
DA:6,1
DA:7,1
DA:8,0
DA:9,0
DA:10,0
DA:11,0
DA:12,0
DA:13,0
DA:14,0
DA:15,0
DA:16,0
DA:17,0
DA:18,0
DA:19,0
DA:20,0
DA:21,0
DA:22,0
DA:23,0
DA:24,0
DA:25,0
DA:26,0
DA:27,0
DA:28,0
DA:29,0
DA:30,0
DA:31,1
DA:32,1
DA:33,1
LF:33
LH:10
BRDA:6,0,0,1
BRDA:6,1,0,1
BRF:2
BRH:2
end_of_record
TN:
SF:src/modules/cars/useCases/createCars/CreateCarsUseCase.ts
FN:12,CreateCarsUseCase
FN:17,Object.<anonymous>.CreateCarsUseCase.execute
FNF:2
FNH:2
FNDA:3,CreateCarsUseCase
FNDA:4,Object.<anonymous>.CreateCarsUseCase.execute
DA:1,1
DA:2,1
DA:3,1
DA:4,1
DA:5,1
DA:6,1
DA:7,1
DA:8,1
DA:9,1
DA:10,1
DA:11,1
DA:12,1
DA:13,3
DA:14,3
DA:15,3
DA:16,1
DA:17,1
DA:18,4
DA:19,4
DA:20,4
DA:21,4
DA:22,4
DA:23,4
DA:24,4
DA:25,4
DA:26,4
DA:27,4
DA:28,1
DA:29,1
DA:30,3
DA:31,3
DA:32,3
DA:33,3
DA:34,3
DA:35,3
DA:36,3
DA:37,3
DA:38,3
DA:39,3
DA:40,4
DA:41,4
DA:42,4
DA:43,1
DA:44,1
LF:44
LH:44
BRDA:11,0,0,1
BRDA:12,1,0,3
BRDA:17,2,0,4
BRDA:26,3,0,4
BRDA:27,4,0,1
BRDA:30,5,0,3
BRF:6
BRH:6
end_of_record
TN:
SF:src/modules/cars/useCases/createCategory/CreateCategoryController.ts
FN:6,CreateCategoryController
FN:7,Object.<anonymous>.CreateCategoryController.handle
FNF:2
FNH:2
FNDA:1,CreateCategoryController
FNDA:1,Object.<anonymous>.CreateCategoryController.handle
DA:1,1
DA:2,1
DA:3,1
DA:4,1
DA:5,1
DA:6,1
DA:7,1
DA:8,1
DA:9,1
DA:10,1
DA:11,1
DA:12,1
DA:13,1
DA:14,1
DA:15,1
DA:16,1
LF:16
LH:16
BRDA:6,0,0,1
BRDA:6,1,0,1
BRDA:7,2,0,1
BRF:3
BRH:3
end_of_record
TN:
SF:src/modules/cars/useCases/createCategory/CreateCategoryUseCases.ts
FN:8,CreateCategoryUseCase
FN:13,Object.<anonymous>.CreateCategoryUseCase.execute
FNF:2
FNH:2
FNDA:1,CreateCategoryUseCase
FNDA:1,Object.<anonymous>.CreateCategoryUseCase.execute
DA:1,1
DA:2,1
DA:3,1
DA:4,1
DA:5,1
DA:6,1
DA:7,1
DA:8,1
DA:9,1
DA:10,1
DA:11,1
DA:12,1
DA:13,1
DA:14,1
DA:15,1
DA:16,0
DA:17,0
DA:18,1
DA:19,1
DA:20,1
DA:21,1
LF:21
LH:19
BRDA:7,0,0,1
BRDA:8,1,0,1
BRDA:13,2,0,1
BRDA:14,3,0,1
BRDA:15,4,0,0
BRF:5
BRH:4
end_of_record
TN:
SF:src/modules/cars/useCases/createSpecification/CreateSpecificationController.ts
FN:6,CreateSpecificationController
FN:7,Object.<anonymous>.CreateSpecificationController.handle
FNF:2
FNH:1
FNDA:1,CreateSpecificationController
FNDA:0,Object.<anonymous>.CreateSpecificationController.handle
DA:1,1
DA:2,1
DA:3,1
DA:4,1
DA:5,1
DA:6,1
DA:7,1
DA:8,0
DA:9,0
DA:10,0
DA:11,0
DA:12,0
DA:13,0
DA:14,0
DA:15,1
DA:16,1
LF:16
LH:9
BRDA:6,0,0,1
BRDA:6,1,0,1
BRF:2
BRH:2
end_of_record
TN:
SF:src/modules/cars/useCases/createSpecification/CreateSpecificationUseCases.ts
FN:8,CreateSpecificationUseCases
FN:12,Object.<anonymous>.CreateSpecificationUseCases.execute
FNF:2
FNH:0
FNDA:0,CreateSpecificationUseCases
FNDA:0,Object.<anonymous>.CreateSpecificationUseCases.execute
DA:1,1
DA:2,1
DA:3,1
DA:4,1
DA:5,1
DA:6,1
DA:7,1
DA:8,1
DA:9,0
DA:10,0
DA:11,0
DA:12,1
DA:13,0
DA:14,0
DA:15,1
DA:16,1
LF:16
LH:11
BRDA:7,0,0,1
BRF:1
BRH:1
end_of_record
TN:
SF:src/modules/cars/useCases/deleteCarImages/DeleteCarImagesController.ts
FN:6,DeleteCarImagesController
FN:7,Object.<anonymous>.DeleteCarImagesController.handle
FNF:2
FNH:1
FNDA:1,DeleteCarImagesController
FNDA:0,Object.<anonymous>.DeleteCarImagesController.handle
DA:1,1
DA:2,1
DA:3,1
DA:4,1
DA:5,1
DA:6,1
DA:7,1
DA:8,0
DA:9,0
DA:10,0
DA:11,0
DA:12,0
DA:13,0
DA:14,0
DA:15,1
DA:16,1
LF:16
LH:9
BRDA:6,0,0,1
BRDA:6,1,0,1
BRF:2
BRH:2
end_of_record
TN:
SF:src/modules/cars/useCases/deleteCarImages/DeleteCarImagesUseCase.ts
FN:8,DeleteCarImagesUseCase
FN:13,Object.<anonymous>.DeleteCarImagesUseCase.execute
FNF:2
FNH:0
FNDA:0,DeleteCarImagesUseCase
FNDA:0,Object.<anonymous>.DeleteCarImagesUseCase.execute
DA:1,1
DA:2,1
DA:3,1
DA:4,1
DA:5,1
DA:6,1
DA:7,1
DA:8,1
DA:9,0
DA:10,0
DA:11,0
DA:12,1
DA:13,1
DA:14,0
DA:15,0
DA:16,0
DA:17,0
DA:18,1
DA:19,1
LF:19
LH:12
BRDA:7,0,0,1
BRF:1
BRH:1
end_of_record
TN:
SF:src/modules/cars/useCases/importCategories/ImportCategoriesController.ts
FN:6,ImportCategoriesController
FN:7,Object.<anonymous>.ImportCategoriesController.handle
FNF:2
FNH:1
FNDA:1,ImportCategoriesController
FNDA:0,Object.<anonymous>.ImportCategoriesController.handle
DA:1,1
DA:2,1
DA:3,1
DA:4,1
DA:5,1
DA:6,1
DA:7,1
DA:8,0
DA:9,0
DA:10,0
DA:11,0
DA:12,0
DA:13,1
DA:14,1
LF:14
LH:9
BRDA:6,0,0,1
BRDA:6,1,0,1
BRF:2
BRH:2
end_of_record
TN:
SF:src/modules/cars/useCases/importCategories/ImportCategoriesUseCase.ts
FN:14,ImportCategoriesUseCase
FN:19,Object.<anonymous>.ImportCategoriesUseCase.loadCategories
FN:43,Object.<anonymous>.ImportCategoriesUseCase.execute
FNF:3
FNH:0
FNDA:0,ImportCategoriesUseCase
FNDA:0,Object.<anonymous>.ImportCategoriesUseCase.loadCategories
FNDA:0,Object.<anonymous>.ImportCategoriesUseCase.execute
DA:1,1
DA:2,1
DA:3,1
DA:4,1
DA:5,1
DA:6,1
DA:7,1
DA:8,1
DA:9,1
DA:10,1
DA:11,1
DA:12,1
DA:13,1
DA:14,1
DA:15,0
DA:16,0
DA:17,0
DA:18,1
DA:19,1
DA:20,0
DA:21,0
DA:22,0
DA:23,0
DA:24,0
DA:25,0
DA:26,0
DA:27,0
DA:28,0
DA:29,0
DA:30,0
DA:31,0
DA:32,0
DA:33,0
DA:34,0
DA:35,0
DA:36,0
DA:37,0
DA:38,0
DA:39,0
DA:40,0
DA:41,0
DA:42,1
DA:43,1
DA:44,0
DA:45,0
DA:46,0
DA:47,0
DA:48,0
DA:49,0
DA:50,0
DA:51,0
DA:52,0
DA:53,0
DA:54,0
DA:55,1
DA:56,1
LF:56
LH:20
BRDA:13,0,0,1
BRF:1
BRH:1
end_of_record
TN:
SF:src/modules/cars/useCases/listAvailableCars/ListAvailableCarsUseCase.ts
FN:14,ListAvailableCarsUseCase
FN:18,Object.<anonymous>.ListAvailableCarsUseCase.execute
FNF:2
FNH:2
FNDA:4,ListAvailableCarsUseCase
FNDA:4,Object.<anonymous>.ListAvailableCarsUseCase.execute
DA:1,1
DA:2,1
DA:3,1
DA:4,1
DA:5,1
DA:6,1
DA:7,1
DA:8,1
DA:9,1
DA:10,1
DA:11,1
DA:12,1
DA:13,1
DA:14,1
DA:15,4
DA:16,4
DA:17,4
DA:18,1
DA:19,4
DA:20,4
DA:21,4
DA:22,1
DA:23,1
DA:24,1
LF:24
LH:24
BRDA:13,0,0,1
BRDA:14,1,0,4
BRDA:18,2,0,4
BRDA:19,3,0,4
BRF:4
BRH:4
end_of_record
TN:
SF:src/modules/cars/useCases/listAvailableCars/ListAvailableCarsUseCaseController.ts
FN:6,ListAvailableCarsUseCaseController
FN:7,Object.<anonymous>.ListAvailableCarsUseCaseController.handle
FNF:2
FNH:1
FNDA:1,ListAvailableCarsUseCaseController
FNDA:0,Object.<anonymous>.ListAvailableCarsUseCaseController.handle
DA:1,1
DA:2,1
DA:3,1
DA:4,1
DA:5,1
DA:6,1
DA:7,1
DA:8,0
DA:9,0
DA:10,0
DA:11,0
DA:12,0
DA:13,0
DA:14,0
DA:15,0
DA:16,0
DA:17,0
DA:18,0
DA:19,1
DA:20,1
DA:21,1
LF:21
LH:10
BRDA:6,0,0,1
BRDA:6,1,0,1
BRF:2
BRH:2
end_of_record
TN:
SF:src/modules/cars/useCases/listCategories/ListCategoriesController.ts
FN:6,ListCategoriesController
FN:7,Object.<anonymous>.ListCategoriesController.handle
FNF:2
FNH:2
FNDA:1,ListCategoriesController
FNDA:1,Object.<anonymous>.ListCategoriesController.handle
DA:1,1
DA:2,1
DA:3,1
DA:4,1
DA:5,1
DA:6,1
DA:7,1
DA:8,1
DA:9,1
DA:10,1
DA:11,1
DA:12,1
DA:13,1
LF:13
LH:13
BRDA:6,0,0,1
BRDA:6,1,0,1
BRDA:7,2,0,1
BRF:3
BRH:3
end_of_record
TN:
SF:src/modules/cars/useCases/listCategories/ListCategoriesUseCases.ts
FN:8,ListCategoriesUseCases
FN:13,Object.<anonymous>.ListCategoriesUseCases.execute
FNF:2
FNH:2
FNDA:1,ListCategoriesUseCases
FNDA:1,Object.<anonymous>.ListCategoriesUseCases.execute
DA:1,1
DA:2,1
DA:3,1
DA:4,1
DA:5,1
DA:6,1
DA:7,1
DA:8,1
DA:9,1
DA:10,1
DA:11,1
DA:12,1
DA:13,1
DA:14,1
DA:15,1
DA:16,1
DA:17,1
DA:18,1
LF:18
LH:18
BRDA:7,0,0,1
BRDA:8,1,0,1
BRDA:13,2,0,1
BRDA:14,3,0,1
BRF:4
BRH:4
end_of_record
TN:
SF:src/modules/cars/useCases/listSpecification/ListSpecificationController.ts
FN:6,ListSpecificationController
FN:7,Object.<anonymous>.ListSpecificationController.handle
FNF:2
FNH:1
FNDA:1,ListSpecificationController
FNDA:0,Object.<anonymous>.ListSpecificationController.handle
DA:1,1
DA:2,1
DA:3,1
DA:4,1
DA:5,1
DA:6,1
DA:7,1
DA:8,0
DA:9,0
DA:10,0
DA:11,0
DA:12,1
DA:13,1
LF:13
LH:9
BRDA:6,0,0,1
BRDA:6,1,0,1
BRF:2
BRH:2
end_of_record
TN:
SF:src/modules/cars/useCases/listSpecification/ListSpecificationUseCases.ts
FN:8,ListSpecificationUseCases
FN:13,Object.<anonymous>.ListSpecificationUseCases.execute
FNF:2
FNH:0
FNDA:0,ListSpecificationUseCases
FNDA:0,Object.<anonymous>.ListSpecificationUseCases.execute
DA:1,1
DA:2,1
DA:3,1
DA:4,1
DA:5,1
DA:6,1
DA:7,1
DA:8,1
DA:9,0
DA:10,0
DA:11,0
DA:12,1
DA:13,1
DA:14,0
DA:15,0
DA:16,0
DA:17,1
DA:18,1
LF:18
LH:12
BRDA:7,0,0,1
BRF:1
BRH:1
end_of_record
TN:
SF:src/modules/cars/useCases/uploadCarImages/UploadCarImagesController.ts
FN:10,UploadCarImagesController
FN:11,Object.<anonymous>.UploadCarImagesController.handle
FNF:2
FNH:1
FNDA:1,UploadCarImagesController
FNDA:0,Object.<anonymous>.UploadCarImagesController.handle
DA:1,1
DA:2,1
DA:3,1
DA:4,1
DA:5,1
DA:6,1
DA:7,1
DA:8,1
DA:9,1
DA:10,1
DA:11,1
DA:12,0
DA:13,0
DA:14,0
DA:15,0
DA:16,0
DA:17,0
DA:18,0
DA:19,0
DA:20,0
DA:21,1
DA:22,1
LF:22
LH:13
BRDA:10,0,0,1
BRDA:10,1,0,1
BRF:2
BRH:2
end_of_record
TN:
SF:src/modules/cars/useCases/uploadCarImages/UploadCarImagesUseCase.ts
FN:12,UploadCarImagesUseCase
FN:16,Object.<anonymous>.UploadCarImagesUseCase.execute
FNF:2
FNH:0
FNDA:0,UploadCarImagesUseCase
FNDA:0,Object.<anonymous>.UploadCarImagesUseCase.execute
DA:1,1
DA:2,1
DA:3,1
DA:4,1
DA:5,1
DA:6,1
DA:7,1
DA:8,1
DA:9,1
DA:10,1
DA:11,1
DA:12,1
DA:13,0
DA:14,0
DA:15,0
DA:16,1
DA:17,0
DA:18,0
DA:19,0
DA:20,0
DA:21,1
DA:22,1
LF:22
LH:15
BRDA:11,0,0,1
BRF:1
BRH:1
end_of_record
TN:
SF:src/modules/rentals/useCases/createRental/CreateRentalController.ts
FN:6,CreateRentalController
FN:7,Object.<anonymous>.CreateRentalController.handle
FNF:2
FNH:1
FNDA:1,CreateRentalController
FNDA:0,Object.<anonymous>.CreateRentalController.handle
DA:1,1
DA:2,1
DA:3,1
DA:4,1
DA:5,1
DA:6,1
DA:7,1
DA:8,0
DA:9,0
DA:10,0
DA:11,0
DA:12,0
DA:13,0
DA:14,0
DA:15,0
DA:16,0
DA:17,0
DA:18,0
DA:19,0
DA:20,1
DA:21,1
LF:21
LH:9
BRDA:6,0,0,1
BRDA:6,1,0,1
BRF:2
BRH:2
end_of_record
TN:
SF:src/modules/rentals/useCases/createRental/CreateRentalUseCase.ts
FN:17,CreateRentalUseCase
FN:26,Object.<anonymous>.CreateRentalUseCase.execute
FNF:2
FNH:2
FNDA:4,CreateRentalUseCase
FNDA:6,Object.<anonymous>.CreateRentalUseCase.execute
DA:1,1
DA:2,1
DA:3,1
DA:4,1
DA:5,1
DA:6,1
DA:7,1
DA:8,1
DA:9,1
DA:10,1
DA:11,1
DA:12,1
DA:13,1
DA:14,1
DA:15,1
DA:16,1
DA:17,1
DA:18,4
DA:19,4
DA:20,4
DA:21,4
DA:22,4
DA:23,4
DA:24,4
DA:25,1
DA:26,1
DA:27,6
DA:28,6
DA:29,6
DA:30,1
DA:31,1
DA:32,5
DA:33,6
DA:34,1
DA:35,1
DA:36,4
DA:37,4
DA:38,4
DA:39,6
DA:40,1
DA:41,1
DA:42,3
DA:43,3
DA:44,6
DA:45,6
DA:46,6
DA:47,1
DA:48,1
LF:48
LH:48
BRDA:16,0,0,1
BRDA:17,1,0,4
BRDA:26,2,0,6
BRDA:29,3,0,1
BRDA:32,4,0,5
BRDA:33,5,0,1
BRDA:36,6,0,4
BRDA:39,7,0,1
BRDA:42,8,0,3
BRF:9
BRH:9
end_of_record
TN:
SF:src/modules/rentals/useCases/devolutionRental/DevolutionRentalController.ts
FN:6,DevolutionRentalController
FN:7,Object.<anonymous>.DevolutionRentalController.handle
FNF:2
FNH:1
FNDA:1,DevolutionRentalController
FNDA:0,Object.<anonymous>.DevolutionRentalController.handle
DA:1,1
DA:2,1
DA:3,1
DA:4,1
DA:5,1
DA:6,1
DA:7,1
DA:8,0
DA:9,0
DA:10,0
DA:11,0
DA:12,0
DA:13,0
DA:14,0
DA:15,0
DA:16,1
DA:17,1
LF:17
LH:9
BRDA:6,0,0,1
BRDA:6,1,0,1
BRF:2
BRH:2
end_of_record
TN:
SF:src/modules/rentals/useCases/devolutionRental/DevolutionRentalUseCase.ts
FN:16,DevolutionRentalUseCase
FN:26,Object.<anonymous>.DevolutionRentalUseCase.execute
FNF:2
FNH:0
FNDA:0,DevolutionRentalUseCase
FNDA:0,Object.<anonymous>.DevolutionRentalUseCase.execute
DA:1,1
DA:2,1
DA:3,1
DA:4,1
DA:5,1
DA:6,1
DA:7,1
DA:8,1
DA:9,1
DA:10,1
DA:11,1
DA:12,1
DA:13,1
DA:14,1
DA:15,1
DA:16,1
DA:17,0
DA:18,0
DA:19,0
DA:20,0
DA:21,0
DA:22,0
DA:23,0
DA:24,0
DA:25,1
DA:26,1
DA:27,0
DA:28,0
DA:29,0
DA:30,0
DA:31,0
DA:32,0
DA:33,0
DA:34,0
DA:35,0
DA:36,0
DA:37,0
DA:38,0
DA:39,0
DA:40,0
DA:41,0
DA:42,0
DA:43,0
DA:44,0
DA:45,0
DA:46,0
DA:47,0
DA:48,0
DA:49,0
DA:50,0
DA:51,0
DA:52,0
DA:53,0
DA:54,0
DA:55,0
DA:56,0
DA:57,0
DA:58,0
DA:59,1
DA:60,1
LF:60
LH:20
BRDA:15,0,0,1
BRF:1
BRH:1
end_of_record
TN:
SF:src/modules/rentals/useCases/listRentalsByUserId/ListRentalsByUserIdController.ts
FN:6,ListRentalsByUserIdController
FN:7,Object.<anonymous>.ListRentalsByUserIdController.handle
FNF:2
FNH:1
FNDA:1,ListRentalsByUserIdController
FNDA:0,Object.<anonymous>.ListRentalsByUserIdController.handle
DA:1,1
DA:2,1
DA:3,1
DA:4,1
DA:5,1
DA:6,1
DA:7,1
DA:8,0
DA:9,0
DA:10,0
DA:11,0
DA:12,0
DA:13,0
DA:14,0
DA:15,1
DA:16,1
LF:16
LH:9
BRDA:6,0,0,1
BRDA:6,1,0,1
BRF:2
BRH:2
end_of_record
TN:
SF:src/modules/rentals/useCases/listRentalsByUserId/ListRentalsByUserIdUseCase.ts
FN:12,ListRentalsByUserIdUseCase
FN:17,Object.<anonymous>.ListRentalsByUserIdUseCase.execute
FNF:2
FNH:0
FNDA:0,ListRentalsByUserIdUseCase
FNDA:0,Object.<anonymous>.ListRentalsByUserIdUseCase.execute
DA:1,1
DA:2,1
DA:3,1
DA:4,1
DA:5,1
DA:6,1
DA:7,1
DA:8,1
DA:9,1
DA:10,1
DA:11,1
DA:12,1
DA:13,0
DA:14,0
DA:15,0
DA:16,1
DA:17,1
DA:18,0
DA:19,0
DA:20,0
DA:21,1
DA:22,1
LF:22
LH:16
BRDA:11,0,0,1
BRF:1
BRH:1
end_of_record
